2016-04-08 10:06:21,734 [Test worker] INFO c.a.p.g.web.controller.ProjectRestControllerTest: Starting ProjectRestControllerTest on sun-dev-12 with PID 7779 (/home/zshatzov/generator/web/build/classes/test started by zshatzov in /home/zshatzov/generator/web) 
2016-04-08 10:06:24,950 [Test worker] INFO c.a.p.g.web.controller.ProjectRestControllerTest: Started ProjectRestControllerTest in 3.394 seconds (JVM running for 4.615) 
2016-04-08 10:06:25,705 [main] INFO c.a.p.generator.PluginsGeneratorApplication: Starting plugins generator application... 
2016-04-08 10:06:25,942 [main] INFO c.a.p.generator.PluginsGeneratorApplication: Starting PluginsGeneratorApplication on sun-dev-12 with PID 7815 (/home/zshatzov/generator/web/build/classes/main started by zshatzov in /home/zshatzov/generator/web) 
2016-04-08 10:06:36,103 [main] INFO c.a.p.generator.PluginsGeneratorApplication: Initialize the views collection if needed 
2016-04-08 10:06:36,144 [main] INFO c.a.p.generator.PluginsGeneratorApplication: Started PluginsGeneratorApplication in 10.436 seconds (JVM running for 10.848) 
2016-04-08 10:41:01,001 [Test worker] INFO c.a.p.g.web.controller.ProjectRestControllerTest: Starting ProjectRestControllerTest on sun-dev-12 with PID 8361 (/home/zshatzov/generator/web/build/classes/test started by zshatzov in /home/zshatzov/generator/web) 
2016-04-08 10:41:04,267 [Test worker] INFO c.a.p.g.web.controller.ProjectRestControllerTest: Started ProjectRestControllerTest in 3.451 seconds (JVM running for 4.814) 
2016-04-08 10:41:04,962 [main] INFO c.a.p.generator.PluginsGeneratorApplication: Starting plugins generator application... 
2016-04-08 10:41:05,223 [main] INFO c.a.p.generator.PluginsGeneratorApplication: Starting PluginsGeneratorApplication on sun-dev-12 with PID 8397 (/home/zshatzov/generator/web/build/classes/main started by zshatzov in /home/zshatzov/generator/web) 
2016-04-08 10:41:09,516 [main] INFO c.a.p.generator.PluginsGeneratorApplication: Initialize the views collection if needed 
2016-04-08 10:41:09,545 [main] INFO c.a.p.generator.PluginsGeneratorApplication: Started PluginsGeneratorApplication in 4.58 seconds (JVM running for 4.97) 
2016-04-08 10:42:38,780 [http-nio-8080-exec-4] ERROR c.a.p.g.web.controller.ProjectRestController: Project with name (Two) already exists 
2016-04-08 13:00:09,975 [Test worker] INFO c.a.p.g.web.controller.ProjectRestControllerTest: Starting ProjectRestControllerTest on sun-dev-12 with PID 10040 (/home/zshatzov/generator/web/build/classes/test started by zshatzov in /home/zshatzov/generator/web) 
2016-04-08 13:00:13,064 [Test worker] INFO c.a.p.g.web.controller.ProjectRestControllerTest: Started ProjectRestControllerTest in 3.268 seconds (JVM running for 4.427) 
2016-04-08 13:00:13,778 [main] INFO c.a.p.generator.PluginsGeneratorApplication: Starting plugins generator application... 
2016-04-08 13:00:14,014 [main] INFO c.a.p.generator.PluginsGeneratorApplication: Starting PluginsGeneratorApplication on sun-dev-12 with PID 10076 (/home/zshatzov/generator/web/build/classes/main started by zshatzov in /home/zshatzov/generator/web) 
2016-04-08 13:00:18,111 [main] INFO c.a.p.generator.PluginsGeneratorApplication: Initialize the views collection if needed 
2016-04-08 13:00:18,140 [main] INFO c.a.p.generator.PluginsGeneratorApplication: Started PluginsGeneratorApplication in 4.359 seconds (JVM running for 4.75) 
2016-04-08 13:02:45,582 [http-nio-8080-exec-9] ERROR c.a.p.g.web.controller.ProjectRestController: Failed to download image file 
java.nio.file.NoSuchFileException: /home/zshatzov/Avocent/artifacts/projects/Third/images/power-on.png
	at sun.nio.fs.UnixException.translateToIOException(UnixException.java:86) ~[na:1.8.0_45]
	at sun.nio.fs.UnixException.rethrowAsIOException(UnixException.java:102) ~[na:1.8.0_45]
	at sun.nio.fs.UnixException.rethrowAsIOException(UnixException.java:107) ~[na:1.8.0_45]
	at sun.nio.fs.UnixFileSystemProvider.newByteChannel(UnixFileSystemProvider.java:214) ~[na:1.8.0_45]
	at java.nio.file.Files.newByteChannel(Files.java:361) ~[na:1.8.0_45]
	at java.nio.file.Files.newByteChannel(Files.java:407) ~[na:1.8.0_45]
	at java.nio.file.Files.readAllBytes(Files.java:3152) ~[na:1.8.0_45]
	at com.avocent.plugins.generator.web.controller.ProjectRestController.retrieveImageAsBinaryByProjectName(ProjectRestController.java:693) ~[main/:na]
	at com.avocent.plugins.generator.web.controller.ProjectRestController$$FastClassBySpringCGLIB$$571c38b3.invoke(<generated>) [spring-core-4.1.8.RELEASE.jar:na]
	at org.springframework.cglib.proxy.MethodProxy.invoke(MethodProxy.java:204) [spring-core-4.1.8.RELEASE.jar:4.1.8.RELEASE]
	at org.springframework.aop.framework.CglibAopProxy$CglibMethodInvocation.invokeJoinpoint(CglibAopProxy.java:717) [spring-aop-4.1.8.RELEASE.jar:4.1.8.RELEASE]
	at org.springframework.aop.framework.ReflectiveMethodInvocation.proceed(ReflectiveMethodInvocation.java:157) [spring-aop-4.1.8.RELEASE.jar:4.1.8.RELEASE]
	at org.springframework.aop.interceptor.ExposeInvocationInterceptor.invoke(ExposeInvocationInterceptor.java:92) [spring-aop-4.1.8.RELEASE.jar:4.1.8.RELEASE]
	at org.springframework.aop.framework.ReflectiveMethodInvocation.proceed(ReflectiveMethodInvocation.java:179) [spring-aop-4.1.8.RELEASE.jar:4.1.8.RELEASE]
	at org.springframework.aop.framework.CglibAopProxy$DynamicAdvisedInterceptor.intercept(CglibAopProxy.java:653) [spring-aop-4.1.8.RELEASE.jar:4.1.8.RELEASE]
	at com.avocent.plugins.generator.web.controller.ProjectRestController$$EnhancerBySpringCGLIB$$1ef559a7.retrieveImageAsBinaryByProjectName(<generated>) [spring-core-4.1.8.RELEASE.jar:na]
	at sun.reflect.NativeMethodAccessorImpl.invoke0(Native Method) ~[na:1.8.0_45]
	at sun.reflect.NativeMethodAccessorImpl.invoke(NativeMethodAccessorImpl.java:62) ~[na:1.8.0_45]
	at sun.reflect.DelegatingMethodAccessorImpl.invoke(DelegatingMethodAccessorImpl.java:43) ~[na:1.8.0_45]
	at java.lang.reflect.Method.invoke(Method.java:497) ~[na:1.8.0_45]
	at org.springframework.web.method.support.InvocableHandlerMethod.doInvoke(InvocableHandlerMethod.java:221) [spring-web-4.1.8.RELEASE.jar:4.1.8.RELEASE]
	at org.springframework.web.method.support.InvocableHandlerMethod.invokeForRequest(InvocableHandlerMethod.java:137) [spring-web-4.1.8.RELEASE.jar:4.1.8.RELEASE]
	at org.springframework.web.servlet.mvc.method.annotation.ServletInvocableHandlerMethod.invokeAndHandle(ServletInvocableHandlerMethod.java:110) [spring-webmvc-4.1.8.RELEASE.jar:4.1.8.RELEASE]
	at org.springframework.web.servlet.mvc.method.annotation.RequestMappingHandlerAdapter.invokeHandlerMethod(RequestMappingHandlerAdapter.java:775) [spring-webmvc-4.1.8.RELEASE.jar:4.1.8.RELEASE]
	at org.springframework.web.servlet.mvc.method.annotation.RequestMappingHandlerAdapter.handleInternal(RequestMappingHandlerAdapter.java:705) [spring-webmvc-4.1.8.RELEASE.jar:4.1.8.RELEASE]
	at org.springframework.web.servlet.mvc.method.AbstractHandlerMethodAdapter.handle(AbstractHandlerMethodAdapter.java:85) [spring-webmvc-4.1.8.RELEASE.jar:4.1.8.RELEASE]
	at org.springframework.web.servlet.DispatcherServlet.doDispatch(DispatcherServlet.java:959) [spring-webmvc-4.1.8.RELEASE.jar:4.1.8.RELEASE]
	at org.springframework.web.servlet.DispatcherServlet.doService(DispatcherServlet.java:893) [spring-webmvc-4.1.8.RELEASE.jar:4.1.8.RELEASE]
	at org.springframework.web.servlet.FrameworkServlet.processRequest(FrameworkServlet.java:967) [spring-webmvc-4.1.8.RELEASE.jar:4.1.8.RELEASE]
	at org.springframework.web.servlet.FrameworkServlet.doGet(FrameworkServlet.java:858) [spring-webmvc-4.1.8.RELEASE.jar:4.1.8.RELEASE]
	at javax.servlet.http.HttpServlet.service(HttpServlet.java:622) [tomcat-embed-core-8.0.28.jar:8.0.28]
	at org.springframework.web.servlet.FrameworkServlet.service(FrameworkServlet.java:843) [spring-webmvc-4.1.8.RELEASE.jar:4.1.8.RELEASE]
	at javax.servlet.http.HttpServlet.service(HttpServlet.java:729) [tomcat-embed-core-8.0.28.jar:8.0.28]
	at org.apache.catalina.core.ApplicationFilterChain.internalDoFilter(ApplicationFilterChain.java:291) [tomcat-embed-core-8.0.28.jar:8.0.28]
	at org.apache.catalina.core.ApplicationFilterChain.doFilter(ApplicationFilterChain.java:206) [tomcat-embed-core-8.0.28.jar:8.0.28]
	at org.apache.tomcat.websocket.server.WsFilter.doFilter(WsFilter.java:52) [tomcat-embed-websocket-8.0.28.jar:8.0.28]
	at org.apache.catalina.core.ApplicationFilterChain.internalDoFilter(ApplicationFilterChain.java:239) [tomcat-embed-core-8.0.28.jar:8.0.28]
	at org.apache.catalina.core.ApplicationFilterChain.doFilter(ApplicationFilterChain.java:206) [tomcat-embed-core-8.0.28.jar:8.0.28]
	at javax.servlet.FilterChain$doFilter.call(Unknown Source) [tomcat-embed-core-8.0.28.jar:8.0.28]
	at com.avocent.plugins.generator.web.filter.SimpleCORSFilter.doFilter(SimpleCORSFilter.groovy:31) [main/:na]
	at org.apache.catalina.core.ApplicationFilterChain.internalDoFilter(ApplicationFilterChain.java:239) [tomcat-embed-core-8.0.28.jar:8.0.28]
	at org.apache.catalina.core.ApplicationFilterChain.doFilter(ApplicationFilterChain.java:206) [tomcat-embed-core-8.0.28.jar:8.0.28]
	at org.springframework.web.filter.CharacterEncodingFilter.doFilterInternal(CharacterEncodingFilter.java:85) [spring-web-4.1.8.RELEASE.jar:4.1.8.RELEASE]
	at org.springframework.web.filter.OncePerRequestFilter.doFilter(OncePerRequestFilter.java:107) [spring-web-4.1.8.RELEASE.jar:4.1.8.RELEASE]
	at org.apache.catalina.core.ApplicationFilterChain.internalDoFilter(ApplicationFilterChain.java:239) [tomcat-embed-core-8.0.28.jar:8.0.28]
	at org.apache.catalina.core.ApplicationFilterChain.doFilter(ApplicationFilterChain.java:206) [tomcat-embed-core-8.0.28.jar:8.0.28]
	at org.apache.catalina.core.StandardWrapperValve.invoke(StandardWrapperValve.java:217) [tomcat-embed-core-8.0.28.jar:8.0.28]
	at org.apache.catalina.core.StandardContextValve.invoke(StandardContextValve.java:106) [tomcat-embed-core-8.0.28.jar:8.0.28]
	at org.apache.catalina.authenticator.AuthenticatorBase.invoke(AuthenticatorBase.java:502) [tomcat-embed-core-8.0.28.jar:8.0.28]
	at org.apache.catalina.core.StandardHostValve.invoke(StandardHostValve.java:142) [tomcat-embed-core-8.0.28.jar:8.0.28]
	at org.apache.catalina.valves.ErrorReportValve.invoke(ErrorReportValve.java:79) [tomcat-embed-core-8.0.28.jar:8.0.28]
	at org.apache.catalina.core.StandardEngineValve.invoke(StandardEngineValve.java:88) [tomcat-embed-core-8.0.28.jar:8.0.28]
	at org.apache.catalina.connector.CoyoteAdapter.service(CoyoteAdapter.java:518) [tomcat-embed-core-8.0.28.jar:8.0.28]
	at org.apache.coyote.http11.AbstractHttp11Processor.process(AbstractHttp11Processor.java:1091) [tomcat-embed-core-8.0.28.jar:8.0.28]
	at org.apache.coyote.AbstractProtocol$AbstractConnectionHandler.process(AbstractProtocol.java:673) [tomcat-embed-core-8.0.28.jar:8.0.28]
	at org.apache.tomcat.util.net.NioEndpoint$SocketProcessor.doRun(NioEndpoint.java:1500) [tomcat-embed-core-8.0.28.jar:8.0.28]
	at org.apache.tomcat.util.net.NioEndpoint$SocketProcessor.run(NioEndpoint.java:1456) [tomcat-embed-core-8.0.28.jar:8.0.28]
	at java.util.concurrent.ThreadPoolExecutor.runWorker(ThreadPoolExecutor.java:1142) [na:1.8.0_45]
	at java.util.concurrent.ThreadPoolExecutor$Worker.run(ThreadPoolExecutor.java:617) [na:1.8.0_45]
	at org.apache.tomcat.util.threads.TaskThread$WrappingRunnable.run(TaskThread.java:61) [tomcat-embed-core-8.0.28.jar:8.0.28]
	at java.lang.Thread.run(Thread.java:745) [na:1.8.0_45]
2016-04-08 13:04:33,916 [http-nio-8080-exec-9] INFO c.a.plugins.generator.web.aop.SaveMappingAspect: Generated XML File mapping for project (One) 
2016-04-08 13:05:19,581 [http-nio-8080-exec-3] INFO c.a.plugins.generator.web.aop.SaveMappingAspect: Generated XML File mapping for project (One) 
2016-04-08 13:09:43,803 [Test worker] INFO c.a.p.g.web.controller.ProjectRestControllerTest: Starting ProjectRestControllerTest on sun-dev-12 with PID 10358 (/home/zshatzov/generator/web/build/classes/test started by zshatzov in /home/zshatzov/generator/web) 
2016-04-08 13:09:47,195 [Test worker] INFO c.a.p.g.web.controller.ProjectRestControllerTest: Started ProjectRestControllerTest in 3.57 seconds (JVM running for 4.797) 
2016-04-08 13:09:48,002 [main] INFO c.a.p.generator.PluginsGeneratorApplication: Starting plugins generator application... 
2016-04-08 13:09:48,244 [main] INFO c.a.p.generator.PluginsGeneratorApplication: Starting PluginsGeneratorApplication on sun-dev-12 with PID 10394 (/home/zshatzov/generator/web/build/classes/main started by zshatzov in /home/zshatzov/generator/web) 
2016-04-08 13:09:52,403 [main] INFO c.a.p.generator.PluginsGeneratorApplication: Initialize the views collection if needed 
2016-04-08 13:09:52,431 [main] INFO c.a.p.generator.PluginsGeneratorApplication: Started PluginsGeneratorApplication in 4.425 seconds (JVM running for 4.841) 
2016-04-08 13:10:32,791 [http-nio-8080-exec-5] ERROR c.a.p.g.web.controller.ProjectRestController: Failed to download image file with name (power-on.png) 
2016-04-08 13:12:03,086 [Test worker] INFO c.a.p.g.web.controller.ProjectRestControllerTest: Starting ProjectRestControllerTest on sun-dev-12 with PID 10597 (/home/zshatzov/generator/web/build/classes/test started by zshatzov in /home/zshatzov/generator/web) 
2016-04-08 13:12:06,451 [Test worker] INFO c.a.p.g.web.controller.ProjectRestControllerTest: Started ProjectRestControllerTest in 3.555 seconds (JVM running for 4.75) 
2016-04-08 13:12:07,195 [main] INFO c.a.p.generator.PluginsGeneratorApplication: Starting plugins generator application... 
2016-04-08 13:12:07,430 [main] INFO c.a.p.generator.PluginsGeneratorApplication: Starting PluginsGeneratorApplication on sun-dev-12 with PID 10633 (/home/zshatzov/generator/web/build/classes/main started by zshatzov in /home/zshatzov/generator/web) 
2016-04-08 13:12:15,469 [main] INFO c.a.p.generator.PluginsGeneratorApplication: Initialize the views collection if needed 
2016-04-08 13:12:15,505 [main] INFO c.a.p.generator.PluginsGeneratorApplication: Started PluginsGeneratorApplication in 8.307 seconds (JVM running for 8.703) 
2016-04-08 13:13:03,118 [http-nio-8080-exec-7] ERROR c.a.p.g.web.controller.ProjectRestController: Failed to download image file with name (power-on.png) 
2016-04-08 13:13:44,250 [Test worker] INFO c.a.p.g.web.controller.ProjectRestControllerTest: Starting ProjectRestControllerTest on sun-dev-12 with PID 10815 (/home/zshatzov/generator/web/build/classes/test started by zshatzov in /home/zshatzov/generator/web) 
2016-04-08 13:13:47,677 [Test worker] INFO c.a.p.g.web.controller.ProjectRestControllerTest: Started ProjectRestControllerTest in 3.605 seconds (JVM running for 4.831) 
2016-04-08 13:13:48,455 [main] INFO c.a.p.generator.PluginsGeneratorApplication: Starting plugins generator application... 
2016-04-08 13:13:48,735 [main] INFO c.a.p.generator.PluginsGeneratorApplication: Starting PluginsGeneratorApplication on sun-dev-12 with PID 10851 (/home/zshatzov/generator/web/build/classes/main started by zshatzov in /home/zshatzov/generator/web) 
2016-04-08 13:13:53,113 [main] INFO c.a.p.generator.PluginsGeneratorApplication: Initialize the views collection if needed 
2016-04-08 13:13:53,150 [main] INFO c.a.p.generator.PluginsGeneratorApplication: Started PluginsGeneratorApplication in 4.692 seconds (JVM running for 5.126) 
2016-04-08 13:14:51,795 [http-nio-8080-exec-8] ERROR c.a.p.g.web.controller.ProjectRestController: Failed to download image file with name (power-on.png) 
2016-04-08 15:15:32,075 [http-nio-8080-exec-2] ERROR c.a.p.g.web.controller.ProjectRestController: Failed to generate project artifacts 
groovy.lang.MissingMethodException: No signature of method: com.avocent.plugins.generator.service.ProjectPackagingService.isSeedPluginInstalled() is applicable for argument types: (sun.nio.fs.UnixPath) values: [/home/zshatzov/Avocent/artifacts/seedPlugin/UPS]
Possible solutions: isSeedPluginInstalled(java.lang.String)
	at org.codehaus.groovy.runtime.ScriptBytecodeAdapter.unwrap(ScriptBytecodeAdapter.java:56) ~[groovy-2.4.3.jar:2.4.3]
	at org.codehaus.groovy.runtime.callsite.PogoMetaClassSite.callCurrent(PogoMetaClassSite.java:78) ~[groovy-2.4.3.jar:2.4.3]
	at org.codehaus.groovy.runtime.callsite.CallSiteArray.defaultCallCurrent(CallSiteArray.java:49) ~[groovy-2.4.3.jar:2.4.3]
	at org.codehaus.groovy.runtime.callsite.AbstractCallSite.callCurrent(AbstractCallSite.java:151) ~[groovy-2.4.3.jar:2.4.3]
	at org.codehaus.groovy.runtime.callsite.AbstractCallSite.callCurrent(AbstractCallSite.java:163) ~[groovy-2.4.3.jar:2.4.3]
	at com.avocent.plugins.generator.service.ProjectPackagingService.packageCustomPlugin(ProjectPackagingService.groovy:338) ~[service-1.0.jar:na]
	at com.avocent.plugins.generator.web.controller.ProjectRestController.generate(ProjectRestController.java:383) ~[main/:na]
	at com.avocent.plugins.generator.web.controller.ProjectRestController$$FastClassBySpringCGLIB$$571c38b3.invoke(<generated>) [spring-core-4.1.8.RELEASE.jar:na]
	at org.springframework.cglib.proxy.MethodProxy.invoke(MethodProxy.java:204) [spring-core-4.1.8.RELEASE.jar:4.1.8.RELEASE]
	at org.springframework.aop.framework.CglibAopProxy$CglibMethodInvocation.invokeJoinpoint(CglibAopProxy.java:717) [spring-aop-4.1.8.RELEASE.jar:4.1.8.RELEASE]
	at org.springframework.aop.framework.ReflectiveMethodInvocation.proceed(ReflectiveMethodInvocation.java:157) [spring-aop-4.1.8.RELEASE.jar:4.1.8.RELEASE]
	at org.springframework.aop.interceptor.ExposeInvocationInterceptor.invoke(ExposeInvocationInterceptor.java:92) [spring-aop-4.1.8.RELEASE.jar:4.1.8.RELEASE]
	at org.springframework.aop.framework.ReflectiveMethodInvocation.proceed(ReflectiveMethodInvocation.java:179) [spring-aop-4.1.8.RELEASE.jar:4.1.8.RELEASE]
	at org.springframework.aop.framework.CglibAopProxy$DynamicAdvisedInterceptor.intercept(CglibAopProxy.java:653) [spring-aop-4.1.8.RELEASE.jar:4.1.8.RELEASE]
	at com.avocent.plugins.generator.web.controller.ProjectRestController$$EnhancerBySpringCGLIB$$bee4e213.generate(<generated>) [spring-core-4.1.8.RELEASE.jar:na]
	at sun.reflect.NativeMethodAccessorImpl.invoke0(Native Method) ~[na:1.8.0_45]
	at sun.reflect.NativeMethodAccessorImpl.invoke(NativeMethodAccessorImpl.java:62) ~[na:1.8.0_45]
	at sun.reflect.DelegatingMethodAccessorImpl.invoke(DelegatingMethodAccessorImpl.java:43) ~[na:1.8.0_45]
	at java.lang.reflect.Method.invoke(Method.java:497) ~[na:1.8.0_45]
	at org.springframework.web.method.support.InvocableHandlerMethod.doInvoke(InvocableHandlerMethod.java:221) [spring-web-4.1.8.RELEASE.jar:4.1.8.RELEASE]
	at org.springframework.web.method.support.InvocableHandlerMethod.invokeForRequest(InvocableHandlerMethod.java:137) [spring-web-4.1.8.RELEASE.jar:4.1.8.RELEASE]
	at org.springframework.web.servlet.mvc.method.annotation.ServletInvocableHandlerMethod.invokeAndHandle(ServletInvocableHandlerMethod.java:110) [spring-webmvc-4.1.8.RELEASE.jar:4.1.8.RELEASE]
	at org.springframework.web.servlet.mvc.method.annotation.RequestMappingHandlerAdapter.invokeHandlerMethod(RequestMappingHandlerAdapter.java:775) [spring-webmvc-4.1.8.RELEASE.jar:4.1.8.RELEASE]
	at org.springframework.web.servlet.mvc.method.annotation.RequestMappingHandlerAdapter.handleInternal(RequestMappingHandlerAdapter.java:705) [spring-webmvc-4.1.8.RELEASE.jar:4.1.8.RELEASE]
	at org.springframework.web.servlet.mvc.method.AbstractHandlerMethodAdapter.handle(AbstractHandlerMethodAdapter.java:85) [spring-webmvc-4.1.8.RELEASE.jar:4.1.8.RELEASE]
	at org.springframework.web.servlet.DispatcherServlet.doDispatch(DispatcherServlet.java:959) [spring-webmvc-4.1.8.RELEASE.jar:4.1.8.RELEASE]
	at org.springframework.web.servlet.DispatcherServlet.doService(DispatcherServlet.java:893) [spring-webmvc-4.1.8.RELEASE.jar:4.1.8.RELEASE]
	at org.springframework.web.servlet.FrameworkServlet.processRequest(FrameworkServlet.java:967) [spring-webmvc-4.1.8.RELEASE.jar:4.1.8.RELEASE]
	at org.springframework.web.servlet.FrameworkServlet.doPut(FrameworkServlet.java:880) [spring-webmvc-4.1.8.RELEASE.jar:4.1.8.RELEASE]
	at javax.servlet.http.HttpServlet.service(HttpServlet.java:651) [tomcat-embed-core-8.0.28.jar:8.0.28]
	at org.springframework.web.servlet.FrameworkServlet.service(FrameworkServlet.java:843) [spring-webmvc-4.1.8.RELEASE.jar:4.1.8.RELEASE]
	at javax.servlet.http.HttpServlet.service(HttpServlet.java:729) [tomcat-embed-core-8.0.28.jar:8.0.28]
	at org.apache.catalina.core.ApplicationFilterChain.internalDoFilter(ApplicationFilterChain.java:291) [tomcat-embed-core-8.0.28.jar:8.0.28]
	at org.apache.catalina.core.ApplicationFilterChain.doFilter(ApplicationFilterChain.java:206) [tomcat-embed-core-8.0.28.jar:8.0.28]
	at org.apache.tomcat.websocket.server.WsFilter.doFilter(WsFilter.java:52) [tomcat-embed-websocket-8.0.28.jar:8.0.28]
	at org.apache.catalina.core.ApplicationFilterChain.internalDoFilter(ApplicationFilterChain.java:239) [tomcat-embed-core-8.0.28.jar:8.0.28]
	at org.apache.catalina.core.ApplicationFilterChain.doFilter(ApplicationFilterChain.java:206) [tomcat-embed-core-8.0.28.jar:8.0.28]
	at javax.servlet.FilterChain$doFilter$1.call(Unknown Source) [tomcat-embed-core-8.0.28.jar:8.0.28]
	at com.avocent.plugins.generator.web.filter.SimpleCORSFilter.doFilter(SimpleCORSFilter.groovy:31) [main/:na]
	at org.apache.catalina.core.ApplicationFilterChain.internalDoFilter(ApplicationFilterChain.java:239) [tomcat-embed-core-8.0.28.jar:8.0.28]
	at org.apache.catalina.core.ApplicationFilterChain.doFilter(ApplicationFilterChain.java:206) [tomcat-embed-core-8.0.28.jar:8.0.28]
	at org.springframework.web.filter.CharacterEncodingFilter.doFilterInternal(CharacterEncodingFilter.java:85) [spring-web-4.1.8.RELEASE.jar:4.1.8.RELEASE]
	at org.springframework.web.filter.OncePerRequestFilter.doFilter(OncePerRequestFilter.java:107) [spring-web-4.1.8.RELEASE.jar:4.1.8.RELEASE]
	at org.apache.catalina.core.ApplicationFilterChain.internalDoFilter(ApplicationFilterChain.java:239) [tomcat-embed-core-8.0.28.jar:8.0.28]
	at org.apache.catalina.core.ApplicationFilterChain.doFilter(ApplicationFilterChain.java:206) [tomcat-embed-core-8.0.28.jar:8.0.28]
	at org.apache.catalina.core.StandardWrapperValve.invoke(StandardWrapperValve.java:217) [tomcat-embed-core-8.0.28.jar:8.0.28]
	at org.apache.catalina.core.StandardContextValve.invoke(StandardContextValve.java:106) [tomcat-embed-core-8.0.28.jar:8.0.28]
	at org.apache.catalina.authenticator.AuthenticatorBase.invoke(AuthenticatorBase.java:502) [tomcat-embed-core-8.0.28.jar:8.0.28]
	at org.apache.catalina.core.StandardHostValve.invoke(StandardHostValve.java:142) [tomcat-embed-core-8.0.28.jar:8.0.28]
	at org.apache.catalina.valves.ErrorReportValve.invoke(ErrorReportValve.java:79) [tomcat-embed-core-8.0.28.jar:8.0.28]
	at org.apache.catalina.core.StandardEngineValve.invoke(StandardEngineValve.java:88) [tomcat-embed-core-8.0.28.jar:8.0.28]
	at org.apache.catalina.connector.CoyoteAdapter.service(CoyoteAdapter.java:518) [tomcat-embed-core-8.0.28.jar:8.0.28]
	at org.apache.coyote.http11.AbstractHttp11Processor.process(AbstractHttp11Processor.java:1091) [tomcat-embed-core-8.0.28.jar:8.0.28]
	at org.apache.coyote.AbstractProtocol$AbstractConnectionHandler.process(AbstractProtocol.java:673) [tomcat-embed-core-8.0.28.jar:8.0.28]
	at org.apache.tomcat.util.net.NioEndpoint$SocketProcessor.doRun(NioEndpoint.java:1500) [tomcat-embed-core-8.0.28.jar:8.0.28]
	at org.apache.tomcat.util.net.NioEndpoint$SocketProcessor.run(NioEndpoint.java:1456) [tomcat-embed-core-8.0.28.jar:8.0.28]
	at java.util.concurrent.ThreadPoolExecutor.runWorker(ThreadPoolExecutor.java:1142) [na:1.8.0_45]
	at java.util.concurrent.ThreadPoolExecutor$Worker.run(ThreadPoolExecutor.java:617) [na:1.8.0_45]
	at org.apache.tomcat.util.threads.TaskThread$WrappingRunnable.run(TaskThread.java:61) [tomcat-embed-core-8.0.28.jar:8.0.28]
	at java.lang.Thread.run(Thread.java:745) [na:1.8.0_45]
2016-04-08 15:21:12,842 [Test worker] INFO c.a.p.g.web.controller.ProjectRestControllerTest: Starting ProjectRestControllerTest on sun-dev-12 with PID 12394 (/home/zshatzov/generator/web/build/classes/test started by zshatzov in /home/zshatzov/generator/web) 
2016-04-08 15:21:16,339 [Test worker] INFO c.a.p.g.web.controller.ProjectRestControllerTest: Started ProjectRestControllerTest in 3.69 seconds (JVM running for 5.073) 
2016-04-08 15:21:17,115 [main] INFO c.a.p.generator.PluginsGeneratorApplication: Starting plugins generator application... 
2016-04-08 15:21:17,367 [main] INFO c.a.p.generator.PluginsGeneratorApplication: Starting PluginsGeneratorApplication on sun-dev-12 with PID 12430 (/home/zshatzov/generator/web/build/classes/main started by zshatzov in /home/zshatzov/generator/web) 
2016-04-08 15:21:21,492 [main] INFO c.a.p.generator.PluginsGeneratorApplication: Initialize the views collection if needed 
2016-04-08 15:21:21,523 [main] INFO c.a.p.generator.PluginsGeneratorApplication: Started PluginsGeneratorApplication in 4.404 seconds (JVM running for 4.821) 
2016-04-08 15:21:26,270 [http-nio-8080-exec-7] INFO c.a.p.generator.service.ProjectPackagingService: Current highest versioned plugin artifact => (2.1.2.5) 
2016-04-08 15:21:41,636 [http-nio-8080-exec-2] INFO c.a.p.generator.service.ProjectPackagingService: Current highest versioned plugin artifact => (8.1.2.7) 
